# JRE version: OpenJDK Runtime Environment (17.0.6) (build 17.0.6+0-b2043.56-10027231)
# Java VM: OpenJDK 64-Bit Server VM (17.0.6+0-b2043.56-10027231, mixed mode, tiered, compressed oops, compressed class ptrs, g1 gc, windows-amd64)
GC Precious Log:
 CPUs: 8 total, 8 available
 Memory: 7886M
 Large Page Support: Disabled
 NUMA Support: Disabled
 Compressed Oops: Enabled (32-bit)
 Heap Region Size: 1M
 Heap Min Capacity: 8M
 Heap Initial Capacity: 124M
 Heap Max Capacity: 2G
 Pre-touch: Disabled
 Parallel Workers: 8
 Concurrent Workers: 2
 Concurrent Refinement Workers: 8
 Periodic GC: Disabled
Heap:
 garbage-first heap   total 220160K, used 165320K [0x0000000080000000, 0x0000000100000000)
  region size 1024K, 4 young (4096K), 4 survivors (4096K)
 Metaspace       used 99496K, committed 100160K, reserved 1138688K
  class space    used 13775K, committed 14080K, reserved 1048576K
GC Heap History (20 events):
Event: 7.393 GC heap after
{Heap after GC invocations=19 (full 0):
 garbage-first heap   total 160768K, used 65984K [0x0000000080000000, 0x0000000100000000)
  region size 1024K, 9 young (9216K), 9 survivors (9216K)
 Metaspace       used 87819K, committed 88448K, reserved 1130496K
  class space    used 11999K, committed 12288K, reserved 1048576K
}
Event: 7.810 GC heap before
{Heap before GC invocations=19 (full 0):
 garbage-first heap   total 160768K, used 124352K [0x0000000080000000, 0x0000000100000000)
  region size 1024K, 66 young (67584K), 9 survivors (9216K)
 Metaspace       used 89837K, committed 90496K, reserved 1130496K
  class space    used 12405K, committed 12736K, reserved 1048576K
}
Event: 7.820 GC heap after
{Heap after GC invocations=20 (full 0):
 garbage-first heap   total 160768K, used 74669K [0x0000000080000000, 0x0000000100000000)
  region size 1024K, 8 young (8192K), 8 survivors (8192K)
 Metaspace       used 89837K, committed 90496K, reserved 1130496K
  class space    used 12405K, committed 12736K, reserved 1048576K
}
Event: 8.124 GC heap before
{Heap before GC invocations=20 (full 0):
 garbage-first heap   total 160768K, used 125869K [0x0000000080000000, 0x0000000100000000)
  region size 1024K, 59 young (60416K), 8 survivors (8192K)
 Metaspace       used 90359K, committed 90944K, reserved 1130496K
  class space    used 12442K, committed 12736K, reserved 1048576K
}
Event: 8.131 GC heap after
{Heap after GC invocations=21 (full 0):
 garbage-first heap   total 160768K, used 79554K [0x0000000080000000, 0x0000000100000000)
  region size 1024K, 6 young (6144K), 6 survivors (6144K)
 Metaspace       used 90359K, committed 90944K, reserved 1130496K
  class space    used 12442K, committed 12736K, reserved 1048576K
}
Event: 8.367 GC heap before
{Heap before GC invocations=21 (full 0):
 garbage-first heap   total 160768K, used 118466K [0x0000000080000000, 0x0000000100000000)
  region size 1024K, 46 young (47104K), 6 survivors (6144K)
 Metaspace       used 90946K, committed 91584K, reserved 1130496K
  class space    used 12498K, committed 12800K, reserved 1048576K
}
Event: 8.372 GC heap after
{Heap after GC invocations=22 (full 0):
 garbage-first heap   total 160768K, used 83537K [0x0000000080000000, 0x0000000100000000)
  region size 1024K, 5 young (5120K), 5 survivors (5120K)
 Metaspace       used 90946K, committed 91584K, reserved 1130496K
  class space    used 12498K, committed 12800K, reserved 1048576K
}
Event: 8.663 GC heap before
{Heap before GC invocations=23 (full 0):
 garbage-first heap   total 160768K, used 129617K [0x0000000080000000, 0x0000000100000000)
  region size 1024K, 50 young (51200K), 5 survivors (5120K)
 Metaspace       used 92567K, committed 93248K, reserved 1130496K
  class space    used 12642K, committed 12992K, reserved 1048576K
}
Event: 8.670 GC heap after
{Heap after GC invocations=24 (full 0):
 garbage-first heap   total 160768K, used 87605K [0x0000000080000000, 0x0000000100000000)
  region size 1024K, 6 young (6144K), 6 survivors (6144K)
 Metaspace       used 92567K, committed 93248K, reserved 1130496K
  class space    used 12642K, committed 12992K, reserved 1048576K
}
Event: 8.674 GC heap before
{Heap before GC invocations=24 (full 0):
 garbage-first heap   total 160768K, used 88629K [0x0000000080000000, 0x0000000100000000)
  region size 1024K, 7 young (7168K), 6 survivors (6144K)
 Metaspace       used 92597K, committed 93248K, reserved 1130496K
  class space    used 12643K, committed 12992K, reserved 1048576K
}
Event: 8.680 GC heap after
{Heap after GC invocations=25 (full 0):
 garbage-first heap   total 193536K, used 88330K [0x0000000080000000, 0x0000000100000000)
  region size 1024K, 1 young (1024K), 1 survivors (1024K)
 Metaspace       used 92597K, committed 93248K, reserved 1130496K
  class space    used 12643K, committed 12992K, reserved 1048576K
}
Event: 9.062 GC heap before
{Heap before GC invocations=25 (full 0):
 garbage-first heap   total 193536K, used 182538K [0x0000000080000000, 0x0000000100000000)
  region size 1024K, 56 young (57344K), 1 survivors (1024K)
 Metaspace       used 96735K, committed 97344K, reserved 1138688K
  class space    used 13218K, committed 13504K, reserved 1048576K
}
Event: 9.067 GC heap after
{Heap after GC invocations=26 (full 0):
 garbage-first heap   total 196608K, used 121808K [0x0000000080000000, 0x0000000100000000)
  region size 1024K, 9 young (9216K), 9 survivors (9216K)
 Metaspace       used 96735K, committed 97344K, reserved 1138688K
  class space    used 13218K, committed 13504K, reserved 1048576K
}
Event: 9.378 GC heap before
{Heap before GC invocations=27 (full 0):
 garbage-first heap   total 220160K, used 160720K [0x0000000080000000, 0x0000000100000000)
  region size 1024K, 46 young (47104K), 9 survivors (9216K)
 Metaspace       used 96802K, committed 97472K, reserved 1138688K
  class space    used 13219K, committed 13504K, reserved 1048576K
}
Event: 9.392 GC heap after
{Heap after GC invocations=28 (full 0):
 garbage-first heap   total 220160K, used 136018K [0x0000000080000000, 0x0000000100000000)
  region size 1024K, 6 young (6144K), 6 survivors (6144K)
 Metaspace       used 96802K, committed 97472K, reserved 1138688K
  class space    used 13219K, committed 13504K, reserved 1048576K
}
Event: 9.426 GC heap before
{Heap before GC invocations=28 (full 0):
 garbage-first heap   total 220160K, used 140114K [0x0000000080000000, 0x0000000100000000)
  region size 1024K, 10 young (10240K), 6 survivors (6144K)
 Metaspace       used 96802K, committed 97472K, reserved 1138688K
  class space    used 13219K, committed 13504K, reserved 1048576K
}
Event: 9.433 GC heap after
{Heap after GC invocations=29 (full 0):
 garbage-first heap   total 220160K, used 138872K [0x0000000080000000, 0x0000000100000000)
  region size 1024K, 2 young (2048K), 2 survivors (2048K)
 Metaspace       used 96802K, committed 97472K, reserved 1138688K
  class space    used 13219K, committed 13504K, reserved 1048576K
}
Event: 9.633 GC heap before
{Heap before GC invocations=29 (full 0):
 garbage-first heap   total 220160K, used 172664K [0x0000000080000000, 0x0000000100000000)
  region size 1024K, 36 young (36864K), 2 survivors (2048K)
 Metaspace       used 99401K, committed 100032K, reserved 1138688K
  class space    used 13774K, committed 14080K, reserved 1048576K
}
Event: 9.646 GC heap after
{Heap after GC invocations=30 (full 0):
 garbage-first heap   total 220160K, used 152754K [0x0000000080000000, 0x0000000100000000)
  region size 1024K, 5 young (5120K), 5 survivors (5120K)
 Metaspace       used 99401K, committed 100032K, reserved 1138688K
  class space    used 13774K, committed 14080K, reserved 1048576K
}
Event: 9.704 GC heap before
{Heap before GC invocations=30 (full 0):
 garbage-first heap   total 220160K, used 175282K [0x0000000080000000, 0x0000000100000000)
  region size 1024K, 28 young (28672K), 5 survivors (5120K)
 Metaspace       used 99496K, committed 100160K, reserved 1138688K
  class space    used 13775K, committed 14080K, reserved 1048576K
}

