# JRE version: OpenJDK Runtime Environment (17.0.6) (build 17.0.6+0-b2043.56-10027231)
# Java VM: OpenJDK 64-Bit Server VM (17.0.6+0-b2043.56-10027231, mixed mode, tiered, compressed oops, compressed class ptrs, g1 gc, windows-amd64)
GC Precious Log:
 CPUs: 8 total, 8 available
 Memory: 7886M
 Large Page Support: Disabled
 NUMA Support: Disabled
 Compressed Oops: Enabled (32-bit)
 Heap Region Size: 1M
 Heap Min Capacity: 8M
 Heap Initial Capacity: 124M
 Heap Max Capacity: 2G
 Pre-touch: Disabled
 Parallel Workers: 8
 Concurrent Workers: 2
 Concurrent Refinement Workers: 8
 Periodic GC: Disabled
Heap:
 garbage-first heap   total 337920K, used 312550K [0x0000000080000000, 0x0000000100000000)
  region size 1024K, 15 young (15360K), 2 survivors (2048K)
 Metaspace       used 167480K, committed 168896K, reserved 1196032K
  class space    used 21718K, committed 22336K, reserved 1048576K
GC Heap History (20 events):
Event: 1611.859 GC heap before
{Heap before GC invocations=62 (full 0):
 garbage-first heap   total 337920K, used 288391K [0x0000000080000000, 0x0000000100000000)
  region size 1024K, 46 young (47104K), 6 survivors (6144K)
 Metaspace       used 160260K, committed 161280K, reserved 1196032K
  class space    used 20862K, committed 21376K, reserved 1048576K
}
Event: 1611.870 GC heap after
{Heap after GC invocations=63 (full 0):
 garbage-first heap   total 337920K, used 249464K [0x0000000080000000, 0x0000000100000000)
  region size 1024K, 2 young (2048K), 2 survivors (2048K)
 Metaspace       used 160260K, committed 161280K, reserved 1196032K
  class space    used 20862K, committed 21376K, reserved 1048576K
}
Event: 2361.630 GC heap before
{Heap before GC invocations=63 (full 0):
 garbage-first heap   total 337920K, used 289400K [0x0000000080000000, 0x0000000100000000)
  region size 1024K, 42 young (43008K), 2 survivors (2048K)
 Metaspace       used 160361K, committed 161408K, reserved 1196032K
  class space    used 20872K, committed 21376K, reserved 1048576K
}
Event: 2361.633 GC heap after
{Heap after GC invocations=64 (full 0):
 garbage-first heap   total 337920K, used 251311K [0x0000000080000000, 0x0000000100000000)
  region size 1024K, 4 young (4096K), 4 survivors (4096K)
 Metaspace       used 160361K, committed 161408K, reserved 1196032K
  class space    used 20872K, committed 21376K, reserved 1048576K
}
Event: 2362.086 GC heap before
{Heap before GC invocations=64 (full 0):
 garbage-first heap   total 337920K, used 292271K [0x0000000080000000, 0x0000000100000000)
  region size 1024K, 44 young (45056K), 4 survivors (4096K)
 Metaspace       used 161803K, committed 162816K, reserved 1196032K
  class space    used 21060K, committed 21568K, reserved 1048576K
}
Event: 2362.094 GC heap after
{Heap after GC invocations=65 (full 0):
 garbage-first heap   total 337920K, used 255590K [0x0000000080000000, 0x0000000100000000)
  region size 1024K, 6 young (6144K), 6 survivors (6144K)
 Metaspace       used 161803K, committed 162816K, reserved 1196032K
  class space    used 21060K, committed 21568K, reserved 1048576K
}
Event: 2362.274 GC heap before
{Heap before GC invocations=65 (full 0):
 garbage-first heap   total 337920K, used 292454K [0x0000000080000000, 0x0000000100000000)
  region size 1024K, 42 young (43008K), 6 survivors (6144K)
 Metaspace       used 162186K, committed 163328K, reserved 1196032K
  class space    used 21103K, committed 21632K, reserved 1048576K
}
Event: 2362.290 GC heap after
{Heap after GC invocations=66 (full 0):
 garbage-first heap   total 337920K, used 261897K [0x0000000080000000, 0x0000000100000000)
  region size 1024K, 6 young (6144K), 6 survivors (6144K)
 Metaspace       used 162186K, committed 163328K, reserved 1196032K
  class space    used 21103K, committed 21632K, reserved 1048576K
}
Event: 2362.625 GC heap before
{Heap before GC invocations=66 (full 0):
 garbage-first heap   total 337920K, used 291593K [0x0000000080000000, 0x0000000100000000)
  region size 1024K, 36 young (36864K), 6 survivors (6144K)
 Metaspace       used 164252K, committed 165440K, reserved 1196032K
  class space    used 21394K, committed 21952K, reserved 1048576K
}
Event: 2362.634 GC heap after
{Heap after GC invocations=67 (full 0):
 garbage-first heap   total 337920K, used 265314K [0x0000000080000000, 0x0000000100000000)
  region size 1024K, 4 young (4096K), 4 survivors (4096K)
 Metaspace       used 164252K, committed 165440K, reserved 1196032K
  class space    used 21394K, committed 21952K, reserved 1048576K
}
Event: 2363.044 GC heap before
{Heap before GC invocations=67 (full 0):
 garbage-first heap   total 337920K, used 291938K [0x0000000080000000, 0x0000000100000000)
  region size 1024K, 31 young (31744K), 4 survivors (4096K)
 Metaspace       used 166913K, committed 168064K, reserved 1196032K
  class space    used 21725K, committed 22272K, reserved 1048576K
}
Event: 2363.051 GC heap after
{Heap after GC invocations=68 (full 0):
 garbage-first heap   total 337920K, used 267198K [0x0000000080000000, 0x0000000100000000)
  region size 1024K, 2 young (2048K), 2 survivors (2048K)
 Metaspace       used 166913K, committed 168064K, reserved 1196032K
  class space    used 21725K, committed 22272K, reserved 1048576K
}
Event: 2363.367 GC heap before
{Heap before GC invocations=68 (full 0):
 garbage-first heap   total 337920K, used 303038K [0x0000000080000000, 0x0000000100000000)
  region size 1024K, 29 young (29696K), 2 survivors (2048K)
 Metaspace       used 167112K, committed 168256K, reserved 1196032K
  class space    used 21725K, committed 22272K, reserved 1048576K
}
Event: 2363.377 GC heap after
{Heap after GC invocations=69 (full 0):
 garbage-first heap   total 337920K, used 283293K [0x0000000080000000, 0x0000000100000000)
  region size 1024K, 4 young (4096K), 4 survivors (4096K)
 Metaspace       used 167112K, committed 168256K, reserved 1196032K
  class space    used 21725K, committed 22272K, reserved 1048576K
}
Event: 2363.527 GC heap before
{Heap before GC invocations=69 (full 0):
 garbage-first heap   total 337920K, used 295581K [0x0000000080000000, 0x0000000100000000)
  region size 1024K, 16 young (16384K), 4 survivors (4096K)
 Metaspace       used 167185K, committed 168320K, reserved 1196032K
  class space    used 21725K, committed 22272K, reserved 1048576K
}
Event: 2363.539 GC heap after
{Heap after GC invocations=70 (full 0):
 garbage-first heap   total 337920K, used 290266K [0x0000000080000000, 0x0000000100000000)
  region size 1024K, 2 young (2048K), 2 survivors (2048K)
 Metaspace       used 167185K, committed 168320K, reserved 1196032K
  class space    used 21725K, committed 22272K, reserved 1048576K
}
Event: 2363.707 GC heap before
{Heap before GC invocations=70 (full 0):
 garbage-first heap   total 337920K, used 304602K [0x0000000080000000, 0x0000000100000000)
  region size 1024K, 16 young (16384K), 2 survivors (2048K)
 Metaspace       used 167529K, committed 168704K, reserved 1196032K
  class space    used 21760K, committed 22336K, reserved 1048576K
}
Event: 2363.711 GC heap after
{Heap after GC invocations=71 (full 0):
 garbage-first heap   total 337920K, used 293257K [0x0000000080000000, 0x0000000100000000)
  region size 1024K, 2 young (2048K), 2 survivors (2048K)
 Metaspace       used 167529K, committed 168704K, reserved 1196032K
  class space    used 21760K, committed 22336K, reserved 1048576K
}
Event: 2363.739 GC heap before
{Heap before GC invocations=71 (full 0):
 garbage-first heap   total 337920K, used 294281K [0x0000000080000000, 0x0000000100000000)
  region size 1024K, 5 young (5120K), 2 survivors (2048K)
 Metaspace       used 167581K, committed 168768K, reserved 1196032K
  class space    used 21760K, committed 22336K, reserved 1048576K
}
Event: 2363.742 GC heap after
{Heap after GC invocations=72 (full 0):
 garbage-first heap   total 337920K, used 295142K [0x0000000080000000, 0x0000000100000000)
  region size 1024K, 2 young (2048K), 2 survivors (2048K)
 Metaspace       used 167581K, committed 168768K, reserved 1196032K
  class space    used 21760K, committed 22336K, reserved 1048576K
}

