# JRE version: OpenJDK Runtime Environment (17.0.6) (build 17.0.6+0-b2043.56-10027231)
# Java VM: OpenJDK 64-Bit Server VM (17.0.6+0-b2043.56-10027231, mixed mode, tiered, compressed oops, compressed class ptrs, g1 gc, windows-amd64)
GC Precious Log:
 CPUs: 8 total, 8 available
 Memory: 7886M
 Large Page Support: Disabled
 NUMA Support: Disabled
 Compressed Oops: Enabled (32-bit)
 Heap Region Size: 1M
 Heap Min Capacity: 8M
 Heap Initial Capacity: 124M
 Heap Max Capacity: 2G
 Pre-touch: Disabled
 Parallel Workers: 8
 Concurrent Workers: 2
 Concurrent Refinement Workers: 8
 Periodic GC: Disabled
Heap:
 garbage-first heap   total 337920K, used 208582K [0x0000000080000000, 0x0000000100000000)
  region size 1024K, 7 young (7168K), 7 survivors (7168K)
 Metaspace       used 106700K, committed 107456K, reserved 1146880K
  class space    used 14772K, committed 15168K, reserved 1048576K
GC Heap History (20 events):
Event: 8.200 GC heap after
{Heap after GC invocations=28 (full 0):
 garbage-first heap   total 135168K, used 72800K [0x0000000080000000, 0x0000000100000000)
  region size 1024K, 6 young (6144K), 6 survivors (6144K)
 Metaspace       used 89204K, committed 89856K, reserved 1130496K
  class space    used 12246K, committed 12544K, reserved 1048576K
}
Event: 8.380 GC heap before
{Heap before GC invocations=28 (full 0):
 garbage-first heap   total 135168K, used 108640K [0x0000000080000000, 0x0000000100000000)
  region size 1024K, 41 young (41984K), 6 survivors (6144K)
 Metaspace       used 89867K, committed 90560K, reserved 1130496K
  class space    used 12400K, committed 12736K, reserved 1048576K
}
Event: 8.386 GC heap after
{Heap after GC invocations=29 (full 0):
 garbage-first heap   total 270336K, used 76950K [0x0000000080000000, 0x0000000100000000)
  region size 1024K, 5 young (5120K), 5 survivors (5120K)
 Metaspace       used 89867K, committed 90560K, reserved 1130496K
  class space    used 12400K, committed 12736K, reserved 1048576K
}
Event: 9.149 GC heap before
{Heap before GC invocations=30 (full 0):
 garbage-first heap   total 270336K, used 195734K [0x0000000080000000, 0x0000000100000000)
  region size 1024K, 121 young (123904K), 5 survivors (5120K)
 Metaspace       used 92942K, committed 93568K, reserved 1130496K
  class space    used 12690K, committed 12992K, reserved 1048576K
}
Event: 9.159 GC heap after
{Heap after GC invocations=31 (full 0):
 garbage-first heap   total 270336K, used 86016K [0x0000000080000000, 0x0000000100000000)
  region size 1024K, 13 young (13312K), 13 survivors (13312K)
 Metaspace       used 92942K, committed 93568K, reserved 1130496K
  class space    used 12690K, committed 12992K, reserved 1048576K
}
Event: 9.166 GC heap before
{Heap before GC invocations=31 (full 0):
 garbage-first heap   total 270336K, used 87040K [0x0000000080000000, 0x0000000100000000)
  region size 1024K, 14 young (14336K), 13 survivors (13312K)
 Metaspace       used 93031K, committed 93632K, reserved 1130496K
  class space    used 12703K, committed 12992K, reserved 1048576K
}
Event: 9.173 GC heap after
{Heap after GC invocations=32 (full 0):
 garbage-first heap   total 270336K, used 87012K [0x0000000080000000, 0x0000000100000000)
  region size 1024K, 2 young (2048K), 2 survivors (2048K)
 Metaspace       used 93031K, committed 93632K, reserved 1130496K
  class space    used 12703K, committed 12992K, reserved 1048576K
}
Event: 9.617 GC heap before
{Heap before GC invocations=32 (full 0):
 garbage-first heap   total 270336K, used 219107K [0x0000000080000000, 0x0000000100000000)
  region size 1024K, 100 young (102400K), 2 survivors (2048K)
 Metaspace       used 97642K, committed 98304K, reserved 1138688K
  class space    used 13324K, committed 13632K, reserved 1048576K
}
Event: 9.624 GC heap after
{Heap after GC invocations=33 (full 0):
 garbage-first heap   total 270336K, used 125186K [0x0000000080000000, 0x0000000100000000)
  region size 1024K, 15 young (15360K), 15 survivors (15360K)
 Metaspace       used 97642K, committed 98304K, reserved 1138688K
  class space    used 13324K, committed 13632K, reserved 1048576K
}
Event: 10.003 GC heap before
{Heap before GC invocations=33 (full 0):
 garbage-first heap   total 270336K, used 217346K [0x0000000080000000, 0x0000000100000000)
  region size 1024K, 96 young (98304K), 15 survivors (15360K)
 Metaspace       used 98638K, committed 99328K, reserved 1138688K
  class space    used 13465K, committed 13824K, reserved 1048576K
}
Event: 10.021 GC heap after
{Heap after GC invocations=34 (full 0):
 garbage-first heap   total 270336K, used 142251K [0x0000000080000000, 0x0000000100000000)
  region size 1024K, 12 young (12288K), 12 survivors (12288K)
 Metaspace       used 98638K, committed 99328K, reserved 1138688K
  class space    used 13465K, committed 13824K, reserved 1048576K
}
Event: 10.352 GC heap before
{Heap before GC invocations=34 (full 0):
 garbage-first heap   total 270336K, used 209835K [0x0000000080000000, 0x0000000100000000)
  region size 1024K, 78 young (79872K), 12 survivors (12288K)
 Metaspace       used 101485K, committed 102272K, reserved 1138688K
  class space    used 14032K, committed 14400K, reserved 1048576K
}
Event: 10.381 GC heap after
{Heap after GC invocations=35 (full 0):
 garbage-first heap   total 270336K, used 172247K [0x0000000080000000, 0x0000000100000000)
  region size 1024K, 10 young (10240K), 10 survivors (10240K)
 Metaspace       used 101485K, committed 102272K, reserved 1138688K
  class space    used 14032K, committed 14400K, reserved 1048576K
}
Event: 10.562 GC heap before
{Heap before GC invocations=35 (full 0):
 garbage-first heap   total 337920K, used 208087K [0x0000000080000000, 0x0000000100000000)
  region size 1024K, 47 young (48128K), 10 survivors (10240K)
 Metaspace       used 101510K, committed 102272K, reserved 1138688K
  class space    used 14028K, committed 14400K, reserved 1048576K
}
Event: 10.587 GC heap after
{Heap after GC invocations=36 (full 0):
 garbage-first heap   total 337920K, used 192512K [0x0000000080000000, 0x0000000100000000)
  region size 1024K, 6 young (6144K), 6 survivors (6144K)
 Metaspace       used 101510K, committed 102272K, reserved 1138688K
  class space    used 14028K, committed 14400K, reserved 1048576K
}
Event: 11.221 GC heap before
{Heap before GC invocations=37 (full 0):
 garbage-first heap   total 337920K, used 250880K [0x0000000080000000, 0x0000000100000000)
  region size 1024K, 64 young (65536K), 6 survivors (6144K)
 Metaspace       used 105269K, committed 106048K, reserved 1146880K
  class space    used 14593K, committed 14976K, reserved 1048576K
}
Event: 11.231 GC heap after
{Heap after GC invocations=38 (full 0):
 garbage-first heap   total 337920K, used 201568K [0x0000000080000000, 0x0000000100000000)
  region size 1024K, 8 young (8192K), 8 survivors (8192K)
 Metaspace       used 105269K, committed 106048K, reserved 1146880K
  class space    used 14593K, committed 14976K, reserved 1048576K
}
Event: 11.290 GC heap before
{Heap before GC invocations=38 (full 0):
 garbage-first heap   total 337920K, used 208736K [0x0000000080000000, 0x0000000100000000)
  region size 1024K, 16 young (16384K), 8 survivors (8192K)
 Metaspace       used 105607K, committed 106368K, reserved 1146880K
  class space    used 14633K, committed 14976K, reserved 1048576K
}
Event: 11.297 GC heap after
{Heap after GC invocations=39 (full 0):
 garbage-first heap   total 337920K, used 201365K [0x0000000080000000, 0x0000000100000000)
  region size 1024K, 2 young (2048K), 2 survivors (2048K)
 Metaspace       used 105607K, committed 106368K, reserved 1146880K
  class space    used 14633K, committed 14976K, reserved 1048576K
}
Event: 11.629 GC heap before
{Heap before GC invocations=39 (full 0):
 garbage-first heap   total 337920K, used 261781K [0x0000000080000000, 0x0000000100000000)
  region size 1024K, 59 young (60416K), 2 survivors (2048K)
 Metaspace       used 106700K, committed 107456K, reserved 1146880K
  class space    used 14772K, committed 15168K, reserved 1048576K
}

